2024-09-24 10:35:25 ===========================================================
2024-09-24 10:35:25 CMD: control.sh start
2024-09-24 10:35:25 ===========================================================
2024-09-24 10:35:25 
2024-09-24 10:35:25 Start Service:[backup
control.config
control.sh
logs
maven-example.jar
update]
2024-09-24 10:35:25 Run cmd:[/Users/wukai/.sdkman/candidates/java/current/bin/java -XX:+HeapDumpOnOutOfMemoryError -Xms1024m -Xmx1812m  -jar /Users/wukai/IdeaProjects/Opensource/jenkins-example/maven-example/host-deploy/libs/backup
control.config
control.sh
logs
maven-example.jar
update ]
2024-09-24 10:35:25 Start service done.
2024-09-24 10:37:05 ===========================================================
2024-09-24 10:37:05 CMD: control.sh start
2024-09-24 10:37:05 ===========================================================
2024-09-24 10:37:05 
2024-09-24 10:37:05 Start Service:[]
2024-09-24 10:37:05 Run cmd:[/Users/wukai/.sdkman/candidates/java/current/bin/java -XX:+HeapDumpOnOutOfMemoryError -Xms1024m -Xmx1812m  -jar /Users/wukai/IdeaProjects/Opensource/jenkins-example/maven-example/host-deploy/ ]
2024-09-24 10:37:05 Start service done.
2024-09-24 10:37:46 ===========================================================
2024-09-24 10:37:46 CMD: control.sh start
2024-09-24 10:37:46 ===========================================================
2024-09-24 10:37:46 
2024-09-24 10:37:46 Start Service:[]
2024-09-24 10:37:46 Run cmd:[/Users/wukai/.sdkman/candidates/java/current/bin/java -XX:+HeapDumpOnOutOfMemoryError -Xms1024m -Xmx1812m  -jar /Users/wukai/IdeaProjects/Opensource/jenkins-example/maven-example/host-deploy/ ]
2024-09-24 10:37:46 Start service done.
2024-09-24 10:38:56 ===========================================================
2024-09-24 10:38:56 CMD: control.sh start
2024-09-24 10:38:56 ===========================================================
2024-09-24 10:38:56 
2024-09-24 10:38:56 Start Service:[/Users/wukai/IdeaProjects/Opensource/jenkins-example/maven-example/host-deploy/maven-example.jar]
2024-09-24 10:38:56 Run cmd:[/Users/wukai/.sdkman/candidates/java/current/bin/java -XX:+HeapDumpOnOutOfMemoryError -Xms1024m -Xmx1812m  -jar /Users/wukai/IdeaProjects/Opensource/jenkins-example/maven-example/host-deploy//Users/wukai/IdeaProjects/Opensource/jenkins-example/maven-example/host-deploy/maven-example.jar ]
2024-09-24 10:38:56 Start service done.
2024-09-24 10:40:02 ===========================================================
2024-09-24 10:40:02 CMD: control.sh start
2024-09-24 10:40:02 ===========================================================
2024-09-24 10:40:02 
2024-09-24 10:40:02 Start Service:[/Users/wukai/IdeaProjects/Opensource/jenkins-example/maven-example/host-deploy/maven-example.jar]
2024-09-24 10:40:02 Run cmd:[/Users/wukai/.sdkman/candidates/java/current/bin/java -XX:+HeapDumpOnOutOfMemoryError -Xms1024m -Xmx1812m  -jar /Users/wukai/IdeaProjects/Opensource/jenkins-example/maven-example/host-deploy//Users/wukai/IdeaProjects/Opensource/jenkins-example/maven-example/host-deploy/maven-example.jar ]
2024-09-24 10:40:02 Start service done.
2024-09-24 10:42:19 ===========================================================
2024-09-24 10:42:19 CMD: control.sh start
2024-09-24 10:42:19 ===========================================================
2024-09-24 10:42:19 
2024-09-24 10:42:19 Start Service:[/Users/wukai/IdeaProjects/Opensource/jenkins-example/maven-example/host-deploy/maven-example.jar]
2024-09-24 10:42:19 Run cmd:[/Users/wukai/.sdkman/candidates/java/current/bin/java -XX:+HeapDumpOnOutOfMemoryError -Xms1024m -Xmx1812m  -jar /Users/wukai/IdeaProjects/Opensource/jenkins-example/maven-example/host-deploy/maven-example.jar ]
2024-09-24 10:42:19 Start service done.
2024-09-24 10:42:32 ===========================================================
2024-09-24 10:42:32 CMD: control.sh start
2024-09-24 10:42:32 ===========================================================
2024-09-24 10:42:32 
2024-09-24 10:42:32 Service[/Users/wukai/IdeaProjects/Opensource/jenkins-example/maven-example/host-deploy/maven-example.jar] already running,pid[82469].
2024-09-24 10:48:52 ===========================================================
2024-09-24 10:48:52 CMD: control.sh start
2024-09-24 10:48:52 ===========================================================
2024-09-24 10:48:52 
2024-09-24 10:48:52 Service[/Users/wukai/IdeaProjects/Opensource/jenkins-example/maven-example/host-deploy/maven-example.jar] already running,pid[82469].
